0 info it worked if it ends with ok
1 verbose cli [ '/usr/bin/node',
1 verbose cli   '/usr/bin/npm',
1 verbose cli   'adduser',
1 verbose cli   '--registry',
1 verbose cli   'http://127.0.0.1' ]
2 info using npm@3.5.2
3 info using node@v8.10.0
4 verbose adduser before first PUT { _id: 'org.couchdb.user:lomby',
4 verbose adduser   name: 'lomby',
4 verbose adduser   password: 'XXXXX',
4 verbose adduser   email: 'neil.sherwood@mettrr.com',
4 verbose adduser   type: 'user',
4 verbose adduser   roles: [],
4 verbose adduser   date: '2020-01-28T21:15:26.946Z' }
5 verbose request uri http://127.0.0.1/-/user/org.couchdb.user:lomby
6 verbose request new user, so can't send auth
7 info attempt registry request try #1 at 21:15:26
8 verbose request id 1f119cb88732d331
9 http request PUT http://127.0.0.1/-/user/org.couchdb.user:lomby
10 http 409 http://127.0.0.1/-/user/org.couchdb.user:lomby
11 verbose headers { server: 'nginx',
11 verbose headers   date: 'Tue, 28 Jan 2020 21:15:26 GMT',
11 verbose headers   'content-type': 'application/json; charset=utf-8',
11 verbose headers   'content-length': '54',
11 verbose headers   connection: 'keep-alive',
11 verbose headers   'x-powered-by': 'verdaccio/4.4.2',
11 verbose headers   'access-control-allow-origin': '*',
11 verbose headers   etag: 'W/"36-An3Zn0H1eCP+NJ3t3AkH5Cm8pbI"',
11 verbose headers   vary: 'Accept-Encoding' }
12 verbose request invalidating /home/lomby/.npm/127.0.0.1/-/user/org.couchdb.user_3Alomby on PUT
13 verbose adduser update existing user
14 verbose request uri http://127.0.0.1/-/user/org.couchdb.user:lomby?write=true
15 verbose request no auth needed
16 info attempt registry request try #1 at 21:15:26
17 http request GET http://127.0.0.1/-/user/org.couchdb.user:lomby?write=true
18 http 200 http://127.0.0.1/-/user/org.couchdb.user:lomby?write=true
19 verbose headers { server: 'nginx',
19 verbose headers   date: 'Tue, 28 Jan 2020 21:15:26 GMT',
19 verbose headers   'content-type': 'application/json; charset=utf-8',
19 verbose headers   'content-length': '51',
19 verbose headers   connection: 'keep-alive',
19 verbose headers   'x-powered-by': 'verdaccio/4.4.2',
19 verbose headers   'access-control-allow-origin': '*',
19 verbose headers   etag: '"9bc0d4158c3e2ac5822d39f55e5ceb05"',
19 verbose headers   vary: 'Accept-Encoding' }
20 verbose adduser userobj { _id: 'org.couchdb.user:lomby',
20 verbose adduser   name: 'lomby',
20 verbose adduser   password: 'XXXXX',
20 verbose adduser   email: 'neil.sherwood@mettrr.com',
20 verbose adduser   type: 'user',
20 verbose adduser   roles: [],
20 verbose adduser   date: '2020-01-28T21:15:26.946Z' }
21 verbose request uri http://127.0.0.1/-/user/org.couchdb.user:lomby/-rev/undefined
22 verbose request updating existing user; sending authorization
23 info attempt registry request try #1 at 21:15:26
24 http request PUT http://127.0.0.1/-/user/org.couchdb.user:lomby/-rev/undefined
25 http 409 http://127.0.0.1/-/user/org.couchdb.user:lomby/-rev/undefined
26 verbose headers { server: 'nginx',
26 verbose headers   date: 'Tue, 28 Jan 2020 21:15:26 GMT',
26 verbose headers   'content-type': 'application/json; charset=utf-8',
26 verbose headers   'content-length': '54',
26 verbose headers   connection: 'keep-alive',
26 verbose headers   'x-powered-by': 'verdaccio/4.4.2',
26 verbose headers   'access-control-allow-origin': '*',
26 verbose headers   etag: 'W/"36-An3Zn0H1eCP+NJ3t3AkH5Cm8pbI"',
26 verbose headers   vary: 'Accept-Encoding' }
27 verbose request invalidating /home/lomby/.npm/127.0.0.1/-/user/org.couchdb.user_3Alomby on PUT
28 verbose adduser back [ { Error: bad username/password, access denied : -/user/org.couchdb.user:lomby/-rev/undefined
28 verbose adduser     at makeError (/usr/share/npm/node_modules/npm-registry-client/lib/request.js:264:12)
28 verbose adduser     at CachingRegistryClient.<anonymous> (/usr/share/npm/node_modules/npm-registry-client/lib/request.js:252:14)
28 verbose adduser     at Request._callback (/usr/share/npm/node_modules/npm-registry-client/lib/request.js:172:14)
28 verbose adduser     at Request.self.callback (/usr/share/npm/node_modules/request/request.js:198:22)
28 verbose adduser     at emitTwo (events.js:126:13)
28 verbose adduser     at Request.emit (events.js:214:7)
28 verbose adduser     at Request.<anonymous> (/usr/share/npm/node_modules/request/request.js:1082:10)
28 verbose adduser     at emitOne (events.js:121:20)
28 verbose adduser     at Request.emit (events.js:211:7)
28 verbose adduser     at IncomingMessage.<anonymous> (/usr/share/npm/node_modules/request/request.js:1009:12) statusCode: 409, code: 'E409' },
28 verbose adduser   { error: 'bad username/password, access denied',
28 verbose adduser     _etag: 'W/"36-An3Zn0H1eCP+NJ3t3AkH5Cm8pbI"' },
28 verbose adduser   '{"error":"bad username/password, access denied"}' ]
29 verbose stack Error: bad username/password, access denied : -/user/org.couchdb.user:lomby/-rev/undefined
29 verbose stack     at makeError (/usr/share/npm/node_modules/npm-registry-client/lib/request.js:264:12)
29 verbose stack     at CachingRegistryClient.<anonymous> (/usr/share/npm/node_modules/npm-registry-client/lib/request.js:252:14)
29 verbose stack     at Request._callback (/usr/share/npm/node_modules/npm-registry-client/lib/request.js:172:14)
29 verbose stack     at Request.self.callback (/usr/share/npm/node_modules/request/request.js:198:22)
29 verbose stack     at emitTwo (events.js:126:13)
29 verbose stack     at Request.emit (events.js:214:7)
29 verbose stack     at Request.<anonymous> (/usr/share/npm/node_modules/request/request.js:1082:10)
29 verbose stack     at emitOne (events.js:121:20)
29 verbose stack     at Request.emit (events.js:211:7)
29 verbose stack     at IncomingMessage.<anonymous> (/usr/share/npm/node_modules/request/request.js:1009:12)
30 verbose statusCode 409
31 verbose cwd /home/lomby/Sites/devops/verdaccio
32 error Linux 5.3.0-26-generic
33 error argv "/usr/bin/node" "/usr/bin/npm" "adduser" "--registry" "http://127.0.0.1"
34 error node v8.10.0
35 error npm  v3.5.2
36 error code E409
37 error bad username/password, access denied : -/user/org.couchdb.user:lomby/-rev/undefined
38 error If you need help, you may report this error at:
38 error     <https://github.com/npm/npm/issues>
39 verbose exit [ 1, true ]
